<?xml version="1.0" encoding="UTF-8"?>
<!-- Generated by org.testng.reporters.JUnitXMLReporter -->
<testsuite ignored="0" hostname="IB-Pune-LAP-200" failures="0" tests="12" name="Default test" time="1.586" errors="0" timestamp="2022-07-26T15:28:42 IST">
  <testcase classname="RestAssured.ExcelDriven.AccessExcelData" name="getdata" time="0.008"/>
  <testcase classname="RestAssured.ExcelDriven.AccessExcelData" name="getdata" time="0.001"/>
  <testcase classname="RestAssured.ExcelDriven.AccessExcelData" name="getdata" time="0.001"/>
  <testcase classname="RestAssured.ExcelDriven.AccessExcelData" name="getdata" time="0.001"/>
  <testcase classname="RestAssured.ExcelDriven.AccessExcelData" name="getdata" time="0.001"/>
  <testcase classname="RestAssured.ExcelDriven.AccessExcelData" name="getdata" time="0.001"/>
  <testcase classname="RestAssured.ExcelDriven.AccessExcelData" name="getdata" time="0.001"/>
  <testcase classname="RestAssured.ExcelDriven.AccessExcelData" name="getdata" time="0.001"/>
  <testcase classname="RestAssured.ExcelDriven.AccessExcelData" name="getdata" time="0.001"/>
  <testcase classname="RestAssured.ExcelDriven.AccessExcelData" name="getdata" time="0.001"/>
  <testcase classname="RestAssured.ExcelDriven.AccessExcelData" name="getdata" time="0.001"/>
  <testcase classname="RestAssured.ExcelDriven.AccessExcelData" name="getdata" time="0.001"/>
</testsuite> <!-- Default test -->
